# JRE version: OpenJDK Runtime Environment (21.0.7) (build 21.0.7+-13880790-b1038.58)
# Java VM: OpenJDK 64-Bit Server VM (21.0.7+-13880790-b1038.58, mixed mode, tiered, compressed oops, compressed class ptrs, g1 gc, windows-amd64)
GC Precious Log:
 CardTable entry size: 512
 Card Set container configuration: InlinePtr #cards 5 size 8 Array Of Cards #cards 12 size 40 Howl #buckets 4 coarsen threshold 1843 Howl Bitmap #cards 512 size 80 coarsen threshold 460 Card regions per heap region 1 cards per card region 2048
 CPUs: 12 total, 12 available
 Memory: 7549M
 Large Page Support: Disabled
 NUMA Support: Disabled
 Compressed Oops: Enabled (32-bit)
 Heap Region Size: 1M
 Heap Min Capacity: 8M
 Heap Initial Capacity: 118M
 Heap Max Capacity: 1888M
 Pre-touch: Disabled
 Parallel Workers: 10
 Concurrent Workers: 3
 Concurrent Refinement Workers: 10
 Periodic GC: Disabled
Heap:
 garbage-first heap   total 280576K, used 172870K [0x000000008a000000, 0x0000000100000000)
  region size 1024K, 16 young (16384K), 10 survivors (10240K)
 Metaspace       used 93062K, committed 93376K, reserved 1179648K
  class space    used 9423K, committed 9536K, reserved 1048576K
GC Heap History (20 events):
Event: 11.468 GC heap before
{Heap before GC invocations=26 (full 0):
 garbage-first heap   total 193536K, used 156993K [0x000000008a000000, 0x0000000100000000)
  region size 1024K, 66 young (67584K), 9 survivors (9216K)
 Metaspace       used 58202K, committed 58496K, reserved 1114112K
  class space    used 6526K, committed 6656K, reserved 1048576K
}
Event: 11.491 GC heap after
{Heap after GC invocations=27 (full 0):
 garbage-first heap   total 193536K, used 109369K [0x000000008a000000, 0x0000000100000000)
  region size 1024K, 9 young (9216K), 9 survivors (9216K)
 Metaspace       used 58202K, committed 58496K, reserved 1114112K
  class space    used 6526K, committed 6656K, reserved 1048576K
}
Event: 13.900 GC heap before
{Heap before GC invocations=28 (full 0):
 garbage-first heap   total 193536K, used 160569K [0x000000008a000000, 0x0000000100000000)
  region size 1024K, 60 young (61440K), 9 survivors (9216K)
 Metaspace       used 61845K, committed 62144K, reserved 1114112K
  class space    used 6860K, committed 6976K, reserved 1048576K
}
Event: 13.915 GC heap after
{Heap after GC invocations=29 (full 0):
 garbage-first heap   total 193536K, used 117193K [0x000000008a000000, 0x0000000100000000)
  region size 1024K, 8 young (8192K), 8 survivors (8192K)
 Metaspace       used 61845K, committed 62144K, reserved 1114112K
  class space    used 6860K, committed 6976K, reserved 1048576K
}
Event: 15.479 GC heap before
{Heap before GC invocations=29 (full 0):
 garbage-first heap   total 193536K, used 166345K [0x000000008a000000, 0x0000000100000000)
  region size 1024K, 56 young (57344K), 8 survivors (8192K)
 Metaspace       used 63139K, committed 63424K, reserved 1114112K
  class space    used 6907K, committed 7040K, reserved 1048576K
}
Event: 15.495 GC heap after
{Heap after GC invocations=30 (full 0):
 garbage-first heap   total 193536K, used 125895K [0x000000008a000000, 0x0000000100000000)
  region size 1024K, 7 young (7168K), 7 survivors (7168K)
 Metaspace       used 63139K, committed 63424K, reserved 1114112K
  class space    used 6907K, committed 7040K, reserved 1048576K
}
Event: 16.669 GC heap before
{Heap before GC invocations=30 (full 0):
 garbage-first heap   total 193536K, used 168903K [0x000000008a000000, 0x0000000100000000)
  region size 1024K, 49 young (50176K), 7 survivors (7168K)
 Metaspace       used 69812K, committed 70144K, reserved 1114112K
  class space    used 7529K, committed 7680K, reserved 1048576K
}
Event: 16.681 GC heap after
{Heap after GC invocations=31 (full 0):
 garbage-first heap   total 193536K, used 132976K [0x000000008a000000, 0x0000000100000000)
  region size 1024K, 7 young (7168K), 7 survivors (7168K)
 Metaspace       used 69812K, committed 70144K, reserved 1114112K
  class space    used 7529K, committed 7680K, reserved 1048576K
}
Event: 17.672 GC heap before
{Heap before GC invocations=32 (full 0):
 garbage-first heap   total 224256K, used 171888K [0x000000008a000000, 0x0000000100000000)
  region size 1024K, 45 young (46080K), 7 survivors (7168K)
 Metaspace       used 74027K, committed 74368K, reserved 1179648K
  class space    used 7893K, committed 8064K, reserved 1048576K
}
Event: 17.681 GC heap after
{Heap after GC invocations=33 (full 0):
 garbage-first heap   total 224256K, used 137933K [0x000000008a000000, 0x0000000100000000)
  region size 1024K, 5 young (5120K), 5 survivors (5120K)
 Metaspace       used 74027K, committed 74368K, reserved 1179648K
  class space    used 7893K, committed 8064K, reserved 1048576K
}
Event: 19.038 GC heap before
{Heap before GC invocations=33 (full 0):
 garbage-first heap   total 224256K, used 198349K [0x000000008a000000, 0x0000000100000000)
  region size 1024K, 64 young (65536K), 5 survivors (5120K)
 Metaspace       used 75852K, committed 76224K, reserved 1179648K
  class space    used 8028K, committed 8192K, reserved 1048576K
}
Event: 19.053 GC heap after
{Heap after GC invocations=34 (full 0):
 garbage-first heap   total 224256K, used 150016K [0x000000008a000000, 0x0000000100000000)
  region size 1024K, 8 young (8192K), 8 survivors (8192K)
 Metaspace       used 75852K, committed 76224K, reserved 1179648K
  class space    used 8028K, committed 8192K, reserved 1048576K
}
Event: 20.897 GC heap before
{Heap before GC invocations=34 (full 0):
 garbage-first heap   total 224256K, used 199168K [0x000000008a000000, 0x0000000100000000)
  region size 1024K, 56 young (57344K), 8 survivors (8192K)
 Metaspace       used 84900K, committed 85184K, reserved 1179648K
  class space    used 8845K, committed 8960K, reserved 1048576K
}
Event: 20.908 GC heap after
{Heap after GC invocations=35 (full 0):
 garbage-first heap   total 224256K, used 155580K [0x000000008a000000, 0x0000000100000000)
  region size 1024K, 5 young (5120K), 5 survivors (5120K)
 Metaspace       used 84900K, committed 85184K, reserved 1179648K
  class space    used 8845K, committed 8960K, reserved 1048576K
}
Event: 22.812 GC heap before
{Heap before GC invocations=36 (full 0):
 garbage-first heap   total 261120K, used 201660K [0x000000008a000000, 0x0000000100000000)
  region size 1024K, 50 young (51200K), 5 survivors (5120K)
 Metaspace       used 90773K, committed 91200K, reserved 1179648K
  class space    used 9297K, committed 9472K, reserved 1048576K
}
Event: 22.820 GC heap after
{Heap after GC invocations=37 (full 0):
 garbage-first heap   total 261120K, used 159324K [0x000000008a000000, 0x0000000100000000)
  region size 1024K, 4 young (4096K), 4 survivors (4096K)
 Metaspace       used 90773K, committed 91200K, reserved 1179648K
  class space    used 9297K, committed 9472K, reserved 1048576K
}
Event: 24.565 GC heap before
{Heap before GC invocations=37 (full 0):
 garbage-first heap   total 261120K, used 234076K [0x000000008a000000, 0x0000000100000000)
  region size 1024K, 77 young (78848K), 4 survivors (4096K)
 Metaspace       used 92622K, committed 92992K, reserved 1179648K
  class space    used 9393K, committed 9536K, reserved 1048576K
}
Event: 24.574 GC heap after
{Heap after GC invocations=38 (full 0):
 garbage-first heap   total 261120K, used 163717K [0x000000008a000000, 0x0000000100000000)
  region size 1024K, 9 young (9216K), 9 survivors (9216K)
 Metaspace       used 92622K, committed 92992K, reserved 1179648K
  class space    used 9393K, committed 9536K, reserved 1048576K
}
Event: 25.991 GC heap before
{Heap before GC invocations=38 (full 0):
 garbage-first heap   total 261120K, used 237445K [0x000000008a000000, 0x0000000100000000)
  region size 1024K, 81 young (82944K), 9 survivors (9216K)
 Metaspace       used 92925K, committed 93248K, reserved 1179648K
  class space    used 9406K, committed 9536K, reserved 1048576K
}
Event: 26.000 GC heap after
{Heap after GC invocations=39 (full 0):
 garbage-first heap   total 261120K, used 167750K [0x000000008a000000, 0x0000000100000000)
  region size 1024K, 10 young (10240K), 10 survivors (10240K)
 Metaspace       used 92925K, committed 93248K, reserved 1179648K
  class space    used 9406K, committed 9536K, reserved 1048576K
}

