# JRE version: Java(TM) SE Runtime Environment (21.0.4+8) (build 21.0.4+8-LTS-274)
# Java VM: Java HotSpot(TM) 64-Bit Server VM (21.0.4+8-LTS-274, mixed mode, sharing, tiered, compressed oops, compressed class ptrs, g1 gc, windows-amd64)
GC Precious Log:
 CardTable entry size: 512
 Card Set container configuration: InlinePtr #cards 5 size 8 Array Of Cards #cards 12 size 40 Howl #buckets 4 coarsen threshold 1843 Howl Bitmap #cards 512 size 80 coarsen threshold 460 Card regions per heap region 1 cards per card region 2048
 CPUs: 12 total, 12 available
 Memory: 7549M
 Large Page Support: Disabled
 NUMA Support: Disabled
 Compressed Oops: Enabled (32-bit)
 Heap Region Size: 1M
 Heap Min Capacity: 8M
 Heap Initial Capacity: 118M
 Heap Max Capacity: 2G
 Pre-touch: Disabled
 Parallel Workers: 10
 Concurrent Workers: 3
 Concurrent Refinement Workers: 10
 Periodic GC: Disabled
Heap:
 garbage-first heap   total 299008K, used 239729K [0x0000000080000000, 0x0000000100000000)
  region size 1024K, 69 young (70656K), 3 survivors (3072K)
 Metaspace       used 146295K, committed 148928K, reserved 1179648K
  class space    used 19169K, committed 20480K, reserved 1048576K
GC Heap History (20 events):
Event: 15.144 GC heap before
{Heap before GC invocations=32 (full 0):
 garbage-first heap   total 191488K, used 170518K [0x0000000080000000, 0x0000000100000000)
  region size 1024K, 61 young (62464K), 6 survivors (6144K)
 Metaspace       used 105044K, committed 107264K, reserved 1179648K
  class space    used 14171K, committed 15296K, reserved 1048576K
}
Event: 15.150 GC heap after
{Heap after GC invocations=33 (full 0):
 garbage-first heap   total 191488K, used 120090K [0x0000000080000000, 0x0000000100000000)
  region size 1024K, 8 young (8192K), 8 survivors (8192K)
 Metaspace       used 105044K, committed 107264K, reserved 1179648K
  class space    used 14171K, committed 15296K, reserved 1048576K
}
Event: 16.056 GC heap before
{Heap before GC invocations=34 (full 0):
 garbage-first heap   total 206848K, used 171290K [0x0000000080000000, 0x0000000100000000)
  region size 1024K, 58 young (59392K), 8 survivors (8192K)
 Metaspace       used 113279K, committed 115520K, reserved 1179648K
  class space    used 14881K, committed 16000K, reserved 1048576K
}
Event: 16.061 GC heap after
{Heap after GC invocations=35 (full 0):
 garbage-first heap   total 206848K, used 122165K [0x0000000080000000, 0x0000000100000000)
  region size 1024K, 3 young (3072K), 3 survivors (3072K)
 Metaspace       used 113279K, committed 115520K, reserved 1179648K
  class space    used 14881K, committed 16000K, reserved 1048576K
}
Event: 17.022 GC heap before
{Heap before GC invocations=35 (full 0):
 garbage-first heap   total 206848K, used 192821K [0x0000000080000000, 0x0000000100000000)
  region size 1024K, 67 young (68608K), 3 survivors (3072K)
 Metaspace       used 118498K, committed 120896K, reserved 1179648K
  class space    used 15516K, committed 16704K, reserved 1048576K
}
Event: 17.026 GC heap after
{Heap after GC invocations=36 (full 0):
 garbage-first heap   total 206848K, used 133374K [0x0000000080000000, 0x0000000100000000)
  region size 1024K, 9 young (9216K), 9 survivors (9216K)
 Metaspace       used 118498K, committed 120896K, reserved 1179648K
  class space    used 15516K, committed 16704K, reserved 1048576K
}
Event: 17.589 GC heap before
{Heap before GC invocations=36 (full 0):
 garbage-first heap   total 206848K, used 172286K [0x0000000080000000, 0x0000000100000000)
  region size 1024K, 49 young (50176K), 9 survivors (9216K)
 Metaspace       used 123062K, committed 125504K, reserved 1179648K
  class space    used 16156K, committed 17344K, reserved 1048576K
}
Event: 17.594 GC heap after
{Heap after GC invocations=37 (full 0):
 garbage-first heap   total 206848K, used 136519K [0x0000000080000000, 0x0000000100000000)
  region size 1024K, 4 young (4096K), 4 survivors (4096K)
 Metaspace       used 123062K, committed 125504K, reserved 1179648K
  class space    used 16156K, committed 17344K, reserved 1048576K
}
Event: 18.180 GC heap before
{Heap before GC invocations=38 (full 0):
 garbage-first heap   total 260096K, used 191815K [0x0000000080000000, 0x0000000100000000)
  region size 1024K, 53 young (54272K), 4 survivors (4096K)
 Metaspace       used 125795K, committed 128256K, reserved 1179648K
  class space    used 16533K, committed 17728K, reserved 1048576K
}
Event: 18.185 GC heap after
{Heap after GC invocations=39 (full 0):
 garbage-first heap   total 260096K, used 141458K [0x0000000080000000, 0x0000000100000000)
  region size 1024K, 7 young (7168K), 7 survivors (7168K)
 Metaspace       used 125795K, committed 128256K, reserved 1179648K
  class space    used 16533K, committed 17728K, reserved 1048576K
}
Event: 19.420 GC heap before
{Heap before GC invocations=39 (full 0):
 garbage-first heap   total 260096K, used 224402K [0x0000000080000000, 0x0000000100000000)
  region size 1024K, 85 young (87040K), 7 survivors (7168K)
 Metaspace       used 132705K, committed 135296K, reserved 1179648K
  class space    used 17440K, committed 18752K, reserved 1048576K
}
Event: 19.427 GC heap after
{Heap after GC invocations=40 (full 0):
 garbage-first heap   total 260096K, used 147755K [0x0000000080000000, 0x0000000100000000)
  region size 1024K, 9 young (9216K), 9 survivors (9216K)
 Metaspace       used 132705K, committed 135296K, reserved 1179648K
  class space    used 17440K, committed 18752K, reserved 1048576K
}
Event: 20.535 GC heap before
{Heap before GC invocations=40 (full 0):
 garbage-first heap   total 260096K, used 229675K [0x0000000080000000, 0x0000000100000000)
  region size 1024K, 89 young (91136K), 9 survivors (9216K)
 Metaspace       used 134687K, committed 137280K, reserved 1179648K
  class space    used 17702K, committed 19008K, reserved 1048576K
}
Event: 20.544 GC heap after
{Heap after GC invocations=41 (full 0):
 garbage-first heap   total 260096K, used 156672K [0x0000000080000000, 0x0000000100000000)
  region size 1024K, 12 young (12288K), 12 survivors (12288K)
 Metaspace       used 134687K, committed 137280K, reserved 1179648K
  class space    used 17702K, committed 19008K, reserved 1048576K
}
Event: 21.265 GC heap before
{Heap before GC invocations=42 (full 0):
 garbage-first heap   total 270336K, used 232448K [0x0000000080000000, 0x0000000100000000)
  region size 1024K, 85 young (87040K), 12 survivors (12288K)
 Metaspace       used 134952K, committed 137536K, reserved 1179648K
  class space    used 17711K, committed 19008K, reserved 1048576K
}
Event: 21.273 GC heap after
{Heap after GC invocations=43 (full 0):
 garbage-first heap   total 270336K, used 164971K [0x0000000080000000, 0x0000000100000000)
  region size 1024K, 8 young (8192K), 8 survivors (8192K)
 Metaspace       used 134952K, committed 137536K, reserved 1179648K
  class space    used 17711K, committed 19008K, reserved 1048576K
}
Event: 22.760 GC heap before
{Heap before GC invocations=43 (full 0):
 garbage-first heap   total 270336K, used 241771K [0x0000000080000000, 0x0000000100000000)
  region size 1024K, 83 young (84992K), 8 survivors (8192K)
 Metaspace       used 139011K, committed 141632K, reserved 1179648K
  class space    used 18006K, committed 19328K, reserved 1048576K
}
Event: 22.768 GC heap after
{Heap after GC invocations=44 (full 0):
 garbage-first heap   total 270336K, used 169210K [0x0000000080000000, 0x0000000100000000)
  region size 1024K, 10 young (10240K), 10 survivors (10240K)
 Metaspace       used 139011K, committed 141632K, reserved 1179648K
  class space    used 18006K, committed 19328K, reserved 1048576K
}
Event: 23.128 GC heap before
{Heap before GC invocations=44 (full 0):
 garbage-first heap   total 270336K, used 197882K [0x0000000080000000, 0x0000000100000000)
  region size 1024K, 39 young (39936K), 10 survivors (10240K)
 Metaspace       used 141178K, committed 143808K, reserved 1179648K
  class space    used 18314K, committed 19648K, reserved 1048576K
}
Event: 23.134 GC heap after
{Heap after GC invocations=45 (full 0):
 garbage-first heap   total 270336K, used 172145K [0x0000000080000000, 0x0000000100000000)
  region size 1024K, 3 young (3072K), 3 survivors (3072K)
 Metaspace       used 141178K, committed 143808K, reserved 1179648K
  class space    used 18314K, committed 19648K, reserved 1048576K
}

