# JRE version: OpenJDK Runtime Environment (21.0.7) (build 21.0.7+-13880790-b1038.58)
# Java VM: OpenJDK 64-Bit Server VM (21.0.7+-13880790-b1038.58, mixed mode, tiered, compressed oops, compressed class ptrs, g1 gc, windows-amd64)
GC Precious Log:
 CardTable entry size: 512
 Card Set container configuration: InlinePtr #cards 5 size 8 Array Of Cards #cards 12 size 40 Howl #buckets 4 coarsen threshold 1843 Howl Bitmap #cards 512 size 80 coarsen threshold 460 Card regions per heap region 1 cards per card region 2048
 CPUs: 12 total, 12 available
 Memory: 7549M
 Large Page Support: Disabled
 NUMA Support: Disabled
 Compressed Oops: Enabled (32-bit)
 Heap Region Size: 1M
 Heap Min Capacity: 8M
 Heap Initial Capacity: 118M
 Heap Max Capacity: 512M
 Pre-touch: Disabled
 Parallel Workers: 10
 Concurrent Workers: 3
 Concurrent Refinement Workers: 10
 Periodic GC: Disabled
Heap:
 garbage-first heap   total 281600K, used 89326K [0x00000000e0000000, 0x0000000100000000)
  region size 1024K, 2 young (2048K), 2 survivors (2048K)
 Metaspace       used 20491K, committed 20736K, reserved 1114112K
  class space    used 2210K, committed 2304K, reserved 1048576K
GC Heap History (20 events):
Event: 3.480 GC heap after
{Heap after GC invocations=18 (full 0):
 garbage-first heap   total 220160K, used 113457K [0x00000000e0000000, 0x0000000100000000)
  region size 1024K, 3 young (3072K), 3 survivors (3072K)
 Metaspace       used 20456K, committed 20672K, reserved 1114112K
  class space    used 2210K, committed 2304K, reserved 1048576K
}
Event: 3.636 GC heap before
{Heap before GC invocations=19 (full 0):
 garbage-first heap   total 220160K, used 186161K [0x00000000e0000000, 0x0000000100000000)
  region size 1024K, 73 young (74752K), 3 survivors (3072K)
 Metaspace       used 20478K, committed 20736K, reserved 1114112K
  class space    used 2210K, committed 2304K, reserved 1048576K
}
Event: 3.642 GC heap after
{Heap after GC invocations=20 (full 0):
 garbage-first heap   total 220160K, used 124194K [0x00000000e0000000, 0x0000000100000000)
  region size 1024K, 10 young (10240K), 10 survivors (10240K)
 Metaspace       used 20478K, committed 20736K, reserved 1114112K
  class space    used 2210K, committed 2304K, reserved 1048576K
}
Event: 3.699 GC heap before
{Heap before GC invocations=20 (full 0):
 garbage-first heap   total 220160K, used 186658K [0x00000000e0000000, 0x0000000100000000)
  region size 1024K, 72 young (73728K), 10 survivors (10240K)
 Metaspace       used 20485K, committed 20736K, reserved 1114112K
  class space    used 2210K, committed 2304K, reserved 1048576K
}
Event: 3.709 GC heap after
{Heap after GC invocations=21 (full 0):
 garbage-first heap   total 220160K, used 110774K [0x00000000e0000000, 0x0000000100000000)
  region size 1024K, 4 young (4096K), 4 survivors (4096K)
 Metaspace       used 20485K, committed 20736K, reserved 1114112K
  class space    used 2210K, committed 2304K, reserved 1048576K
}
Event: 3.792 GC heap before
{Heap before GC invocations=21 (full 0):
 garbage-first heap   total 220160K, used 186550K [0x00000000e0000000, 0x0000000100000000)
  region size 1024K, 79 young (80896K), 4 survivors (4096K)
 Metaspace       used 20487K, committed 20736K, reserved 1114112K
  class space    used 2210K, committed 2304K, reserved 1048576K
}
Event: 3.803 GC heap after
{Heap after GC invocations=22 (full 0):
 garbage-first heap   total 220160K, used 109145K [0x00000000e0000000, 0x0000000100000000)
  region size 1024K, 10 young (10240K), 10 survivors (10240K)
 Metaspace       used 20487K, committed 20736K, reserved 1114112K
  class space    used 2210K, committed 2304K, reserved 1048576K
}
Event: 3.858 GC heap before
{Heap before GC invocations=22 (full 0):
 garbage-first heap   total 220160K, used 187993K [0x00000000e0000000, 0x0000000100000000)
  region size 1024K, 88 young (90112K), 10 survivors (10240K)
 Metaspace       used 20487K, committed 20736K, reserved 1114112K
  class space    used 2210K, committed 2304K, reserved 1048576K
}
Event: 3.866 GC heap after
{Heap after GC invocations=23 (full 0):
 garbage-first heap   total 220160K, used 119413K [0x00000000e0000000, 0x0000000100000000)
  region size 1024K, 9 young (9216K), 9 survivors (9216K)
 Metaspace       used 20487K, committed 20736K, reserved 1114112K
  class space    used 2210K, committed 2304K, reserved 1048576K
}
Event: 3.915 GC heap before
{Heap before GC invocations=24 (full 0):
 garbage-first heap   total 220160K, used 169589K [0x00000000e0000000, 0x0000000100000000)
  region size 1024K, 81 young (82944K), 9 survivors (9216K)
 Metaspace       used 20490K, committed 20736K, reserved 1114112K
  class space    used 2210K, committed 2304K, reserved 1048576K
}
Event: 3.923 GC heap after
{Heap after GC invocations=25 (full 0):
 garbage-first heap   total 220160K, used 105927K [0x00000000e0000000, 0x0000000100000000)
  region size 1024K, 10 young (10240K), 10 survivors (10240K)
 Metaspace       used 20490K, committed 20736K, reserved 1114112K
  class space    used 2210K, committed 2304K, reserved 1048576K
}
Event: 3.982 GC heap before
{Heap before GC invocations=25 (full 0):
 garbage-first heap   total 220160K, used 188871K [0x00000000e0000000, 0x0000000100000000)
  region size 1024K, 92 young (94208K), 10 survivors (10240K)
 Metaspace       used 20491K, committed 20736K, reserved 1114112K
  class space    used 2210K, committed 2304K, reserved 1048576K
}
Event: 5.122 GC heap after
{Heap after GC invocations=26 (full 0):
 garbage-first heap   total 281600K, used 92992K [0x00000000e0000000, 0x0000000100000000)
  region size 1024K, 9 young (9216K), 9 survivors (9216K)
 Metaspace       used 20491K, committed 20736K, reserved 1114112K
  class space    used 2210K, committed 2304K, reserved 1048576K
}
Event: 5.127 GC heap before
{Heap before GC invocations=26 (full 0):
 garbage-first heap   total 281600K, used 97088K [0x00000000e0000000, 0x0000000100000000)
  region size 1024K, 13 young (13312K), 9 survivors (9216K)
 Metaspace       used 20491K, committed 20736K, reserved 1114112K
  class space    used 2210K, committed 2304K, reserved 1048576K
}
Event: 5.132 GC heap after
{Heap after GC invocations=27 (full 0):
 garbage-first heap   total 281600K, used 90318K [0x00000000e0000000, 0x0000000100000000)
  region size 1024K, 2 young (2048K), 2 survivors (2048K)
 Metaspace       used 20491K, committed 20736K, reserved 1114112K
  class space    used 2210K, committed 2304K, reserved 1048576K
}
Event: 5.141 GC heap before
{Heap before GC invocations=27 (full 0):
 garbage-first heap   total 281600K, used 100558K [0x00000000e0000000, 0x0000000100000000)
  region size 1024K, 13 young (13312K), 2 survivors (2048K)
 Metaspace       used 20491K, committed 20736K, reserved 1114112K
  class space    used 2210K, committed 2304K, reserved 1048576K
}
Event: 5.143 GC heap after
{Heap after GC invocations=28 (full 0):
 garbage-first heap   total 281600K, used 88120K [0x00000000e0000000, 0x0000000100000000)
  region size 1024K, 2 young (2048K), 2 survivors (2048K)
 Metaspace       used 20491K, committed 20736K, reserved 1114112K
  class space    used 2210K, committed 2304K, reserved 1048576K
}
Event: 5.152 GC heap before
{Heap before GC invocations=28 (full 0):
 garbage-first heap   total 281600K, used 98360K [0x00000000e0000000, 0x0000000100000000)
  region size 1024K, 13 young (13312K), 2 survivors (2048K)
 Metaspace       used 20491K, committed 20736K, reserved 1114112K
  class space    used 2210K, committed 2304K, reserved 1048576K
}
Event: 5.153 GC heap after
{Heap after GC invocations=29 (full 0):
 garbage-first heap   total 281600K, used 88693K [0x00000000e0000000, 0x0000000100000000)
  region size 1024K, 2 young (2048K), 2 survivors (2048K)
 Metaspace       used 20491K, committed 20736K, reserved 1114112K
  class space    used 2210K, committed 2304K, reserved 1048576K
}
Event: 5.162 GC heap before
{Heap before GC invocations=29 (full 0):
 garbage-first heap   total 281600K, used 98933K [0x00000000e0000000, 0x0000000100000000)
  region size 1024K, 13 young (13312K), 2 survivors (2048K)
 Metaspace       used 20491K, committed 20736K, reserved 1114112K
  class space    used 2210K, committed 2304K, reserved 1048576K
}

