# JRE version: OpenJDK Runtime Environment (21.0.7) (build 21.0.7+-13880790-b1038.58)
# Java VM: OpenJDK 64-Bit Server VM (21.0.7+-13880790-b1038.58, mixed mode, tiered, compressed oops, compressed class ptrs, g1 gc, windows-amd64)
GC Precious Log:
 CardTable entry size: 512
 Card Set container configuration: InlinePtr #cards 5 size 8 Array Of Cards #cards 12 size 40 Howl #buckets 4 coarsen threshold 1843 Howl Bitmap #cards 512 size 80 coarsen threshold 460 Card regions per heap region 1 cards per card region 2048
 CPUs: 12 total, 12 available
 Memory: 7549M
 Large Page Support: Disabled
 NUMA Support: Disabled
 Compressed Oops: Enabled (32-bit)
 Heap Region Size: 1M
 Heap Min Capacity: 8M
 Heap Initial Capacity: 118M
 Heap Max Capacity: 512M
 Pre-touch: Disabled
 Parallel Workers: 10
 Concurrent Workers: 3
 Concurrent Refinement Workers: 10
 Periodic GC: Disabled
Heap:
 garbage-first heap   total 220160K, used 91663K [0x00000000e0000000, 0x0000000100000000)
  region size 1024K, 6 young (6144K), 6 survivors (6144K)
 Metaspace       used 20475K, committed 20736K, reserved 1114112K
  class space    used 2211K, committed 2304K, reserved 1048576K
GC Heap History (20 events):
Event: 2.400 GC heap after
{Heap after GC invocations=15 (full 0):
 garbage-first heap   total 195584K, used 88263K [0x00000000e0000000, 0x0000000100000000)
  region size 1024K, 9 young (9216K), 9 survivors (9216K)
 Metaspace       used 20182K, committed 20416K, reserved 1114112K
  class space    used 2197K, committed 2304K, reserved 1048576K
}
Event: 2.485 GC heap before
{Heap before GC invocations=15 (full 0):
 garbage-first heap   total 195584K, used 173255K [0x00000000e0000000, 0x0000000100000000)
  region size 1024K, 93 young (95232K), 9 survivors (9216K)
 Metaspace       used 20182K, committed 20416K, reserved 1114112K
  class space    used 2197K, committed 2304K, reserved 1048576K
}
Event: 2.491 GC heap after
{Heap after GC invocations=16 (full 0):
 garbage-first heap   total 195584K, used 91884K [0x00000000e0000000, 0x0000000100000000)
  region size 1024K, 7 young (7168K), 7 survivors (7168K)
 Metaspace       used 20182K, committed 20416K, reserved 1114112K
  class space    used 2197K, committed 2304K, reserved 1048576K
}
Event: 2.717 GC heap before
{Heap before GC invocations=16 (full 0):
 garbage-first heap   total 195584K, used 178924K [0x00000000e0000000, 0x0000000100000000)
  region size 1024K, 90 young (92160K), 7 survivors (7168K)
 Metaspace       used 20412K, committed 20608K, reserved 1114112K
  class space    used 2211K, committed 2304K, reserved 1048576K
}
Event: 2.733 GC heap after
{Heap after GC invocations=17 (full 0):
 garbage-first heap   total 201728K, used 107520K [0x00000000e0000000, 0x0000000100000000)
  region size 1024K, 12 young (12288K), 12 survivors (12288K)
 Metaspace       used 20412K, committed 20608K, reserved 1114112K
  class space    used 2211K, committed 2304K, reserved 1048576K
}
Event: 2.807 GC heap before
{Heap before GC invocations=17 (full 0):
 garbage-first heap   total 201728K, used 131072K [0x00000000e0000000, 0x0000000100000000)
  region size 1024K, 37 young (37888K), 12 survivors (12288K)
 Metaspace       used 20434K, committed 20608K, reserved 1114112K
  class space    used 2211K, committed 2304K, reserved 1048576K
}
Event: 2.817 GC heap after
{Heap after GC invocations=18 (full 0):
 garbage-first heap   total 220160K, used 114413K [0x00000000e0000000, 0x0000000100000000)
  region size 1024K, 6 young (6144K), 6 survivors (6144K)
 Metaspace       used 20434K, committed 20608K, reserved 1114112K
  class space    used 2211K, committed 2304K, reserved 1048576K
}
Event: 2.990 GC heap before
{Heap before GC invocations=19 (full 0):
 garbage-first heap   total 220160K, used 188141K [0x00000000e0000000, 0x0000000100000000)
  region size 1024K, 77 young (78848K), 6 survivors (6144K)
 Metaspace       used 20460K, committed 20736K, reserved 1114112K
  class space    used 2211K, committed 2304K, reserved 1048576K
}
Event: 2.997 GC heap after
{Heap after GC invocations=20 (full 0):
 garbage-first heap   total 220160K, used 124928K [0x00000000e0000000, 0x0000000100000000)
  region size 1024K, 10 young (10240K), 10 survivors (10240K)
 Metaspace       used 20460K, committed 20736K, reserved 1114112K
  class space    used 2211K, committed 2304K, reserved 1048576K
}
Event: 3.047 GC heap before
{Heap before GC invocations=20 (full 0):
 garbage-first heap   total 220160K, used 188416K [0x00000000e0000000, 0x0000000100000000)
  region size 1024K, 73 young (74752K), 10 survivors (10240K)
 Metaspace       used 20467K, committed 20736K, reserved 1114112K
  class space    used 2211K, committed 2304K, reserved 1048576K
}
Event: 3.057 GC heap after
{Heap after GC invocations=21 (full 0):
 garbage-first heap   total 220160K, used 111385K [0x00000000e0000000, 0x0000000100000000)
  region size 1024K, 4 young (4096K), 4 survivors (4096K)
 Metaspace       used 20467K, committed 20736K, reserved 1114112K
  class space    used 2211K, committed 2304K, reserved 1048576K
}
Event: 3.133 GC heap before
{Heap before GC invocations=21 (full 0):
 garbage-first heap   total 220160K, used 187161K [0x00000000e0000000, 0x0000000100000000)
  region size 1024K, 79 young (80896K), 4 survivors (4096K)
 Metaspace       used 20468K, committed 20736K, reserved 1114112K
  class space    used 2211K, committed 2304K, reserved 1048576K
}
Event: 3.145 GC heap after
{Heap after GC invocations=22 (full 0):
 garbage-first heap   total 220160K, used 110196K [0x00000000e0000000, 0x0000000100000000)
  region size 1024K, 10 young (10240K), 10 survivors (10240K)
 Metaspace       used 20468K, committed 20736K, reserved 1114112K
  class space    used 2211K, committed 2304K, reserved 1048576K
}
Event: 3.225 GC heap before
{Heap before GC invocations=22 (full 0):
 garbage-first heap   total 220160K, used 189044K [0x00000000e0000000, 0x0000000100000000)
  region size 1024K, 88 young (90112K), 10 survivors (10240K)
 Metaspace       used 20468K, committed 20736K, reserved 1114112K
  class space    used 2211K, committed 2304K, reserved 1048576K
}
Event: 3.233 GC heap after
{Heap after GC invocations=23 (full 0):
 garbage-first heap   total 220160K, used 119481K [0x00000000e0000000, 0x0000000100000000)
  region size 1024K, 9 young (9216K), 9 survivors (9216K)
 Metaspace       used 20468K, committed 20736K, reserved 1114112K
  class space    used 2211K, committed 2304K, reserved 1048576K
}
Event: 3.316 GC heap before
{Heap before GC invocations=24 (full 0):
 garbage-first heap   total 220160K, used 164537K [0x00000000e0000000, 0x0000000100000000)
  region size 1024K, 81 young (82944K), 9 survivors (9216K)
 Metaspace       used 20472K, committed 20736K, reserved 1114112K
  class space    used 2211K, committed 2304K, reserved 1048576K
}
Event: 3.324 GC heap after
{Heap after GC invocations=25 (full 0):
 garbage-first heap   total 220160K, used 101772K [0x00000000e0000000, 0x0000000100000000)
  region size 1024K, 10 young (10240K), 10 survivors (10240K)
 Metaspace       used 20472K, committed 20736K, reserved 1114112K
  class space    used 2211K, committed 2304K, reserved 1048576K
}
Event: 3.393 GC heap before
{Heap before GC invocations=25 (full 0):
 garbage-first heap   total 220160K, used 188812K [0x00000000e0000000, 0x0000000100000000)
  region size 1024K, 96 young (98304K), 10 survivors (10240K)
 Metaspace       used 20472K, committed 20736K, reserved 1114112K
  class space    used 2211K, committed 2304K, reserved 1048576K
}
Event: 3.402 GC heap after
{Heap after GC invocations=26 (full 0):
 garbage-first heap   total 220160K, used 90128K [0x00000000e0000000, 0x0000000100000000)
  region size 1024K, 9 young (9216K), 9 survivors (9216K)
 Metaspace       used 20472K, committed 20736K, reserved 1114112K
  class space    used 2211K, committed 2304K, reserved 1048576K
}
Event: 3.478 GC heap before
{Heap before GC invocations=26 (full 0):
 garbage-first heap   total 220160K, used 186384K [0x00000000e0000000, 0x0000000100000000)
  region size 1024K, 104 young (106496K), 9 survivors (9216K)
 Metaspace       used 20475K, committed 20736K, reserved 1114112K
  class space    used 2211K, committed 2304K, reserved 1048576K
}

